app/build/intermediates/manifest_merge_blame_file/debug/manifest-merger-blame-debug-report.txt
1<?xml version="1.0" encoding="utf-8"?>
2<manifest xmlns:android="http://schemas.android.com/apk/res/android"
3    package="fr.epsi.ateliermspr"
4    android:versionCode="1"
5    android:versionName="1.0" >
6
7    <uses-sdk
8        android:minSdkVersion="24"
8-->src\main\AndroidManifest.xml
9        android:targetSdkVersion="30" />
9-->src\main\AndroidManifest.xml
10
11    <uses-permission android:name="android.permission.INTERNET" />
11-->src\main\AndroidManifest.xml:5:5-67
11-->src\main\AndroidManifest.xml:5:22-64
12    <uses-permission android:name="android.permission.CAMERA" />
12-->src\main\AndroidManifest.xml:6:5-65
12-->src\main\AndroidManifest.xml:6:22-62
13
14    <!-- Don't require camera, as this requires a rear camera. This allows it to work on the Nexus 7 -->
15    <uses-feature
15-->[com.journeyapps:zxing-android-embedded:4.2.0] AndroidManifest.xml:25:5-27:36
16        android:name="android.hardware.camera"
16-->[com.journeyapps:zxing-android-embedded:4.2.0] AndroidManifest.xml:26:9-47
17        android:required="false" />
17-->[com.journeyapps:zxing-android-embedded:4.2.0] AndroidManifest.xml:27:9-33
18    <uses-feature
18-->[com.journeyapps:zxing-android-embedded:4.2.0] AndroidManifest.xml:28:5-30:36
19        android:name="android.hardware.camera.front"
19-->[com.journeyapps:zxing-android-embedded:4.2.0] AndroidManifest.xml:29:9-53
20        android:required="false" /> <!-- TODO replace above two with next line after Android 4.2 -->
20-->[com.journeyapps:zxing-android-embedded:4.2.0] AndroidManifest.xml:30:9-33
21    <!-- <uses-feature android:name="android.hardware.camera.any"/> -->
22    <uses-feature
22-->[com.journeyapps:zxing-android-embedded:4.2.0] AndroidManifest.xml:33:5-35:36
23        android:name="android.hardware.camera.autofocus"
23-->[com.journeyapps:zxing-android-embedded:4.2.0] AndroidManifest.xml:34:9-57
24        android:required="false" />
24-->[com.journeyapps:zxing-android-embedded:4.2.0] AndroidManifest.xml:35:9-33
25    <uses-feature
25-->[com.journeyapps:zxing-android-embedded:4.2.0] AndroidManifest.xml:36:5-38:36
26        android:name="android.hardware.camera.flash"
26-->[com.journeyapps:zxing-android-embedded:4.2.0] AndroidManifest.xml:37:9-53
27        android:required="false" />
27-->[com.journeyapps:zxing-android-embedded:4.2.0] AndroidManifest.xml:38:9-33
28    <uses-feature
28-->[com.journeyapps:zxing-android-embedded:4.2.0] AndroidManifest.xml:39:5-41:36
29        android:name="android.hardware.screen.landscape"
29-->[com.journeyapps:zxing-android-embedded:4.2.0] AndroidManifest.xml:40:9-57
30        android:required="false" />
30-->[com.journeyapps:zxing-android-embedded:4.2.0] AndroidManifest.xml:41:9-33
31    <uses-feature
31-->[com.journeyapps:zxing-android-embedded:4.2.0] AndroidManifest.xml:42:5-44:36
32        android:name="android.hardware.wifi"
32-->[com.journeyapps:zxing-android-embedded:4.2.0] AndroidManifest.xml:43:9-45
33        android:required="false" />
33-->[com.journeyapps:zxing-android-embedded:4.2.0] AndroidManifest.xml:44:9-33
34
35    <application
35-->src\main\AndroidManifest.xml:8:5-28:19
36        android:name="fr.epsi.ateliermspr.AtelierMsprApplication"
36-->src\main\AndroidManifest.xml:9:9-47
37        android:allowBackup="true"
37-->src\main\AndroidManifest.xml:10:9-35
38        android:appComponentFactory="androidx.core.app.CoreComponentFactory"
38-->[androidx.core:core:1.3.1] AndroidManifest.xml:24:18-86
39        android:debuggable="true"
40        android:extractNativeLibs="false"
41        android:icon="@mipmap/ic_launcher"
41-->src\main\AndroidManifest.xml:11:9-43
42        android:label="@string/app_name"
42-->src\main\AndroidManifest.xml:12:9-41
43        android:roundIcon="@mipmap/ic_launcher_round"
43-->src\main\AndroidManifest.xml:13:9-54
44        android:supportsRtl="true"
44-->src\main\AndroidManifest.xml:14:9-35
45        android:testOnly="true"
46        android:theme="@style/Theme.AtelierMSPR" >
46-->src\main\AndroidManifest.xml:15:9-49
47        <activity android:name="fr.epsi.ateliermspr.ProductDetailsActivity" />
47-->src\main\AndroidManifest.xml:16:9-69
47-->src\main\AndroidManifest.xml:16:19-57
48        <activity android:name="fr.epsi.ateliermspr.ProductListActivity" />
48-->src\main\AndroidManifest.xml:17:9-57
48-->src\main\AndroidManifest.xml:17:19-54
49        <activity android:name="fr.epsi.ateliermspr.HomeActivity" />
49-->src\main\AndroidManifest.xml:18:9-50
49-->src\main\AndroidManifest.xml:18:19-47
50        <activity android:name="fr.epsi.ateliermspr.SplashActivity$ScannerActivity" />
50-->src\main\AndroidManifest.xml:19:9-68
50-->src\main\AndroidManifest.xml:19:19-65
51        <activity android:name="fr.epsi.ateliermspr.AtelierMsprActivity" />
51-->src\main\AndroidManifest.xml:20:9-57
51-->src\main\AndroidManifest.xml:20:19-54
52        <activity android:name="fr.epsi.ateliermspr.SplashActivity" >
52-->src\main\AndroidManifest.xml:21:9-27:20
52-->src\main\AndroidManifest.xml:21:19-49
53            <intent-filter>
53-->src\main\AndroidManifest.xml:22:13-26:29
54                <action android:name="android.intent.action.MAIN" />
54-->src\main\AndroidManifest.xml:23:17-69
54-->src\main\AndroidManifest.xml:23:25-66
55
56                <category android:name="android.intent.category.LAUNCHER" />
56-->src\main\AndroidManifest.xml:25:17-77
56-->src\main\AndroidManifest.xml:25:27-74
57            </intent-filter>
58        </activity>
59
60        <provider
60-->[com.squareup.picasso:picasso:2.71828] AndroidManifest.xml:8:9-11:40
61            android:name="com.squareup.picasso.PicassoProvider"
61-->[com.squareup.picasso:picasso:2.71828] AndroidManifest.xml:9:13-64
62            android:authorities="fr.epsi.ateliermspr.com.squareup.picasso"
62-->[com.squareup.picasso:picasso:2.71828] AndroidManifest.xml:10:13-72
63            android:exported="false" />
63-->[com.squareup.picasso:picasso:2.71828] AndroidManifest.xml:11:13-37
64
65        <activity
65-->[com.journeyapps:zxing-android-embedded:4.2.0] AndroidManifest.xml:47:9-53:63
66            android:name="com.journeyapps.barcodescanner.CaptureActivity"
66-->[com.journeyapps:zxing-android-embedded:4.2.0] AndroidManifest.xml:48:13-74
67            android:clearTaskOnLaunch="true"
67-->[com.journeyapps:zxing-android-embedded:4.2.0] AndroidManifest.xml:49:13-45
68            android:screenOrientation="sensorLandscape"
68-->[com.journeyapps:zxing-android-embedded:4.2.0] AndroidManifest.xml:50:13-56
69            android:stateNotNeeded="true"
69-->[com.journeyapps:zxing-android-embedded:4.2.0] AndroidManifest.xml:51:13-42
70            android:theme="@style/zxing_CaptureTheme"
70-->[com.journeyapps:zxing-android-embedded:4.2.0] AndroidManifest.xml:52:13-54
71            android:windowSoftInputMode="stateAlwaysHidden" />
71-->[com.journeyapps:zxing-android-embedded:4.2.0] AndroidManifest.xml:53:13-60
72    </application>
73
74</manifest>